[2024-10-14 12:49:31] laravel.EMERGENCY: Unable to create configured logger. Using emergency logger. {"exception":"[object] (TypeError(code: 0): Monolog\\Handler\\SlackWebhookHandler::__construct(): Argument #1 ($webhookUrl) must be of type string, null given, called in C:\\Users\\ADMIN\\PhpstormProjects\\zenithbank\\vendor\\laravel\\framework\\src\\Illuminate\\Log\\LogManager.php on line 334 at C:\\Users\\ADMIN\\PhpstormProjects\\zenithbank\\vendor\\monolog\\monolog\\src\\Monolog\\Handler\\SlackWebhookHandler.php:49)
[stacktrace]
#0 C:\\Users\\ADMIN\\PhpstormProjects\\zenithbank\\vendor\\laravel\\framework\\src\\Illuminate\\Log\\LogManager.php(334): Monolog\\Handler\\SlackWebhookHandler->__construct(NULL, NULL, 'Laravel Log', true, ':boom:', false, true, 500, true, Array)
#1 C:\\Users\\ADMIN\\PhpstormProjects\\zenithbank\\vendor\\laravel\\framework\\src\\Illuminate\\Log\\LogManager.php(220): Illuminate\\Log\\LogManager->createSlackDriver(Array)
#2 C:\\Users\\ADMIN\\PhpstormProjects\\zenithbank\\vendor\\laravel\\framework\\src\\Illuminate\\Log\\LogManager.php(135): Illuminate\\Log\\LogManager->resolve('slack', Array)
#3 C:\\Users\\ADMIN\\PhpstormProjects\\zenithbank\\vendor\\laravel\\framework\\src\\Illuminate\\Log\\LogManager.php(122): Illuminate\\Log\\LogManager->get('slack')
#4 C:\\Users\\ADMIN\\PhpstormProjects\\zenithbank\\vendor\\laravel\\framework\\src\\Illuminate\\Log\\LogManager.php(111): Illuminate\\Log\\LogManager->driver('slack')
#5 C:\\Users\\ADMIN\\PhpstormProjects\\zenithbank\\vendor\\laravel\\framework\\src\\Illuminate\\Log\\LogManager.php(265): Illuminate\\Log\\LogManager->channel('slack')
#6 [internal function]: Illuminate\\Log\\LogManager->Illuminate\\Log\\{closure}('slack', 0)
#7 C:\\Users\\ADMIN\\PhpstormProjects\\zenithbank\\vendor\\laravel\\framework\\src\\Illuminate\\Collections\\Arr.php(560): array_map(Object(Closure), Array, Array)
#8 C:\\Users\\ADMIN\\PhpstormProjects\\zenithbank\\vendor\\laravel\\framework\\src\\Illuminate\\Collections\\Collection.php(768): Illuminate\\Support\\Arr::map(Array, Object(Closure))
#9 C:\\Users\\ADMIN\\PhpstormProjects\\zenithbank\\vendor\\laravel\\framework\\src\\Illuminate\\Collections\\Traits\\EnumeratesValues.php(368): Illuminate\\Support\\Collection->map(Object(Closure))
#10 C:\\Users\\ADMIN\\PhpstormProjects\\zenithbank\\vendor\\laravel\\framework\\src\\Illuminate\\Log\\LogManager.php(266): Illuminate\\Support\\Collection->flatMap(Object(Closure))
#11 C:\\Users\\ADMIN\\PhpstormProjects\\zenithbank\\vendor\\laravel\\framework\\src\\Illuminate\\Log\\LogManager.php(220): Illuminate\\Log\\LogManager->createStackDriver(Array)
#12 C:\\Users\\ADMIN\\PhpstormProjects\\zenithbank\\vendor\\laravel\\framework\\src\\Illuminate\\Log\\LogManager.php(135): Illuminate\\Log\\LogManager->resolve('stack', Array)
#13 C:\\Users\\ADMIN\\PhpstormProjects\\zenithbank\\vendor\\laravel\\framework\\src\\Illuminate\\Log\\LogManager.php(122): Illuminate\\Log\\LogManager->get('stack')
#14 C:\\Users\\ADMIN\\PhpstormProjects\\zenithbank\\vendor\\laravel\\framework\\src\\Illuminate\\Log\\LogManager.php(645): Illuminate\\Log\\LogManager->driver()
#15 C:\\Users\\ADMIN\\PhpstormProjects\\zenithbank\\vendor\\laravel\\framework\\src\\Illuminate\\Foundation\\Exceptions\\Handler.php(274): Illuminate\\Log\\LogManager->error('Please provide ...', Array)
#16 C:\\Users\\ADMIN\\PhpstormProjects\\zenithbank\\vendor\\nunomaduro\\collision\\src\\Adapters\\Laravel\\ExceptionHandler.php(46): Illuminate\\Foundation\\Exceptions\\Handler->report(Object(InvalidArgumentException))
#17 C:\\Users\\ADMIN\\PhpstormProjects\\zenithbank\\vendor\\laravel\\framework\\src\\Illuminate\\Foundation\\Console\\Kernel.php(454): NunoMaduro\\Collision\\Adapters\\Laravel\\ExceptionHandler->report(Object(InvalidArgumentException))
#18 C:\\Users\\ADMIN\\PhpstormProjects\\zenithbank\\vendor\\laravel\\framework\\src\\Illuminate\\Foundation\\Console\\Kernel.php(157): Illuminate\\Foundation\\Console\\Kernel->reportException(Object(InvalidArgumentException))
#19 C:\\Users\\ADMIN\\PhpstormProjects\\zenithbank\\artisan(37): Illuminate\\Foundation\\Console\\Kernel->handle(Object(Symfony\\Component\\Console\\Input\\ArgvInput), Object(Symfony\\Component\\Console\\Output\\ConsoleOutput))
#20 {main}
"} 
[2024-10-14 12:49:31] laravel.EMERGENCY: Unable to create configured logger. Using emergency logger. {"exception":"[object] (TypeError(code: 0): Monolog\\Handler\\SlackWebhookHandler::__construct(): Argument #1 ($webhookUrl) must be of type string, null given, called in C:\\Users\\ADMIN\\PhpstormProjects\\zenithbank\\vendor\\laravel\\framework\\src\\Illuminate\\Log\\LogManager.php on line 334 at C:\\Users\\ADMIN\\PhpstormProjects\\zenithbank\\vendor\\monolog\\monolog\\src\\Monolog\\Handler\\SlackWebhookHandler.php:49)
[stacktrace]
#0 C:\\Users\\ADMIN\\PhpstormProjects\\zenithbank\\vendor\\laravel\\framework\\src\\Illuminate\\Log\\LogManager.php(334): Monolog\\Handler\\SlackWebhookHandler->__construct(NULL, NULL, 'Laravel Log', true, ':boom:', false, true, 500, true, Array)
#1 C:\\Users\\ADMIN\\PhpstormProjects\\zenithbank\\vendor\\laravel\\framework\\src\\Illuminate\\Log\\LogManager.php(220): Illuminate\\Log\\LogManager->createSlackDriver(Array)
#2 C:\\Users\\ADMIN\\PhpstormProjects\\zenithbank\\vendor\\laravel\\framework\\src\\Illuminate\\Log\\LogManager.php(135): Illuminate\\Log\\LogManager->resolve('slack', Array)
#3 C:\\Users\\ADMIN\\PhpstormProjects\\zenithbank\\vendor\\laravel\\framework\\src\\Illuminate\\Log\\LogManager.php(122): Illuminate\\Log\\LogManager->get('slack')
#4 C:\\Users\\ADMIN\\PhpstormProjects\\zenithbank\\vendor\\laravel\\framework\\src\\Illuminate\\Log\\LogManager.php(111): Illuminate\\Log\\LogManager->driver('slack')
#5 C:\\Users\\ADMIN\\PhpstormProjects\\zenithbank\\vendor\\laravel\\framework\\src\\Illuminate\\Log\\LogManager.php(271): Illuminate\\Log\\LogManager->channel('slack')
#6 [internal function]: Illuminate\\Log\\LogManager->Illuminate\\Log\\{closure}('slack', 0)
#7 C:\\Users\\ADMIN\\PhpstormProjects\\zenithbank\\vendor\\laravel\\framework\\src\\Illuminate\\Collections\\Arr.php(560): array_map(Object(Closure), Array, Array)
#8 C:\\Users\\ADMIN\\PhpstormProjects\\zenithbank\\vendor\\laravel\\framework\\src\\Illuminate\\Collections\\Collection.php(768): Illuminate\\Support\\Arr::map(Array, Object(Closure))
#9 C:\\Users\\ADMIN\\PhpstormProjects\\zenithbank\\vendor\\laravel\\framework\\src\\Illuminate\\Collections\\Traits\\EnumeratesValues.php(368): Illuminate\\Support\\Collection->map(Object(Closure))
#10 C:\\Users\\ADMIN\\PhpstormProjects\\zenithbank\\vendor\\laravel\\framework\\src\\Illuminate\\Log\\LogManager.php(272): Illuminate\\Support\\Collection->flatMap(Object(Closure))
#11 C:\\Users\\ADMIN\\PhpstormProjects\\zenithbank\\vendor\\laravel\\framework\\src\\Illuminate\\Log\\LogManager.php(220): Illuminate\\Log\\LogManager->createStackDriver(Array)
#12 C:\\Users\\ADMIN\\PhpstormProjects\\zenithbank\\vendor\\laravel\\framework\\src\\Illuminate\\Log\\LogManager.php(135): Illuminate\\Log\\LogManager->resolve('stack', Array)
#13 C:\\Users\\ADMIN\\PhpstormProjects\\zenithbank\\vendor\\laravel\\framework\\src\\Illuminate\\Log\\LogManager.php(122): Illuminate\\Log\\LogManager->get('stack')
#14 C:\\Users\\ADMIN\\PhpstormProjects\\zenithbank\\vendor\\laravel\\framework\\src\\Illuminate\\Log\\LogManager.php(645): Illuminate\\Log\\LogManager->driver()
#15 C:\\Users\\ADMIN\\PhpstormProjects\\zenithbank\\vendor\\laravel\\framework\\src\\Illuminate\\Foundation\\Exceptions\\Handler.php(274): Illuminate\\Log\\LogManager->error('Please provide ...', Array)
#16 C:\\Users\\ADMIN\\PhpstormProjects\\zenithbank\\vendor\\nunomaduro\\collision\\src\\Adapters\\Laravel\\ExceptionHandler.php(46): Illuminate\\Foundation\\Exceptions\\Handler->report(Object(InvalidArgumentException))
#17 C:\\Users\\ADMIN\\PhpstormProjects\\zenithbank\\vendor\\laravel\\framework\\src\\Illuminate\\Foundation\\Console\\Kernel.php(454): NunoMaduro\\Collision\\Adapters\\Laravel\\ExceptionHandler->report(Object(InvalidArgumentException))
#18 C:\\Users\\ADMIN\\PhpstormProjects\\zenithbank\\vendor\\laravel\\framework\\src\\Illuminate\\Foundation\\Console\\Kernel.php(157): Illuminate\\Foundation\\Console\\Kernel->reportException(Object(InvalidArgumentException))
#19 C:\\Users\\ADMIN\\PhpstormProjects\\zenithbank\\artisan(37): Illuminate\\Foundation\\Console\\Kernel->handle(Object(Symfony\\Component\\Console\\Input\\ArgvInput), Object(Symfony\\Component\\Console\\Output\\ConsoleOutput))
#20 {main}
"} 
[2024-10-14 12:49:31] production.ERROR: Please provide a valid cache path. {"exception":"[object] (InvalidArgumentException(code: 0): Please provide a valid cache path. at C:\\Users\\ADMIN\\PhpstormProjects\\zenithbank\\vendor\\laravel\\framework\\src\\Illuminate\\View\\Compilers\\Compiler.php:66)
[stacktrace]
#0 C:\\Users\\ADMIN\\PhpstormProjects\\zenithbank\\vendor\\laravel\\framework\\src\\Illuminate\\View\\ViewServiceProvider.php(101): Illuminate\\View\\Compilers\\Compiler->__construct(Object(Illuminate\\Filesystem\\Filesystem), false, '', true, 'php')
#1 C:\\Users\\ADMIN\\PhpstormProjects\\zenithbank\\vendor\\laravel\\framework\\src\\Illuminate\\Container\\Container.php(885): Illuminate\\View\\ViewServiceProvider->Illuminate\\View\\{closure}(Object(Illuminate\\Foundation\\Application), Array)
#2 C:\\Users\\ADMIN\\PhpstormProjects\\zenithbank\\vendor\\laravel\\framework\\src\\Illuminate\\Container\\Container.php(770): Illuminate\\Container\\Container->build(Object(Closure))
#3 C:\\Users\\ADMIN\\PhpstormProjects\\zenithbank\\vendor\\laravel\\framework\\src\\Illuminate\\Foundation\\Application.php(856): Illuminate\\Container\\Container->resolve('blade.compiler', Array, true)
#4 C:\\Users\\ADMIN\\PhpstormProjects\\zenithbank\\vendor\\laravel\\framework\\src\\Illuminate\\Container\\Container.php(706): Illuminate\\Foundation\\Application->resolve('blade.compiler', Array)
#5 C:\\Users\\ADMIN\\PhpstormProjects\\zenithbank\\vendor\\laravel\\framework\\src\\Illuminate\\Foundation\\Application.php(841): Illuminate\\Container\\Container->make('blade.compiler', Array)
#6 C:\\Users\\ADMIN\\PhpstormProjects\\zenithbank\\vendor\\laravel\\framework\\src\\Illuminate\\Container\\Container.php(1431): Illuminate\\Foundation\\Application->make('blade.compiler')
#7 C:\\Users\\ADMIN\\PhpstormProjects\\zenithbank\\vendor\\laravel\\framework\\src\\Illuminate\\Support\\Facades\\Facade.php(222): Illuminate\\Container\\Container->offsetGet('blade.compiler')
#8 C:\\Users\\ADMIN\\PhpstormProjects\\zenithbank\\vendor\\laravel\\framework\\src\\Illuminate\\Support\\Facades\\Facade.php(193): Illuminate\\Support\\Facades\\Facade::resolveFacadeInstance('blade.compiler')
#9 C:\\Users\\ADMIN\\PhpstormProjects\\zenithbank\\vendor\\laravel\\framework\\src\\Illuminate\\Support\\Facades\\Facade.php(332): Illuminate\\Support\\Facades\\Facade::getFacadeRoot()
#10 C:\\Users\\ADMIN\\PhpstormProjects\\zenithbank\\vendor\\cloudinary-labs\\cloudinary-laravel\\src\\CloudinaryServiceProvider.php(88): Illuminate\\Support\\Facades\\Facade::__callStatic('directive', Array)
#11 C:\\Users\\ADMIN\\PhpstormProjects\\zenithbank\\vendor\\cloudinary-labs\\cloudinary-laravel\\src\\CloudinaryServiceProvider.php(34): CloudinaryLabs\\CloudinaryLaravel\\CloudinaryServiceProvider->bootDirectives()
#12 C:\\Users\\ADMIN\\PhpstormProjects\\zenithbank\\vendor\\laravel\\framework\\src\\Illuminate\\Container\\BoundMethod.php(36): CloudinaryLabs\\CloudinaryLaravel\\CloudinaryServiceProvider->boot()
#13 C:\\Users\\ADMIN\\PhpstormProjects\\zenithbank\\vendor\\laravel\\framework\\src\\Illuminate\\Container\\Util.php(41): Illuminate\\Container\\BoundMethod::Illuminate\\Container\\{closure}()
#14 C:\\Users\\ADMIN\\PhpstormProjects\\zenithbank\\vendor\\laravel\\framework\\src\\Illuminate\\Container\\BoundMethod.php(93): Illuminate\\Container\\Util::unwrapIfClosure(Object(Closure))
#15 C:\\Users\\ADMIN\\PhpstormProjects\\zenithbank\\vendor\\laravel\\framework\\src\\Illuminate\\Container\\BoundMethod.php(37): Illuminate\\Container\\BoundMethod::callBoundMethod(Object(Illuminate\\Foundation\\Application), Array, Object(Closure))
#16 C:\\Users\\ADMIN\\PhpstormProjects\\zenithbank\\vendor\\laravel\\framework\\src\\Illuminate\\Container\\Container.php(661): Illuminate\\Container\\BoundMethod::call(Object(Illuminate\\Foundation\\Application), Array, Array, NULL)
#17 C:\\Users\\ADMIN\\PhpstormProjects\\zenithbank\\vendor\\laravel\\framework\\src\\Illuminate\\Foundation\\Application.php(929): Illuminate\\Container\\Container->call(Array)
#18 C:\\Users\\ADMIN\\PhpstormProjects\\zenithbank\\vendor\\laravel\\framework\\src\\Illuminate\\Foundation\\Application.php(910): Illuminate\\Foundation\\Application->bootProvider(Object(CloudinaryLabs\\CloudinaryLaravel\\CloudinaryServiceProvider))
#19 [internal function]: Illuminate\\Foundation\\Application->Illuminate\\Foundation\\{closure}(Object(CloudinaryLabs\\CloudinaryLaravel\\CloudinaryServiceProvider), 15)
#20 C:\\Users\\ADMIN\\PhpstormProjects\\zenithbank\\vendor\\laravel\\framework\\src\\Illuminate\\Foundation\\Application.php(911): array_walk(Array, Object(Closure))
#21 C:\\Users\\ADMIN\\PhpstormProjects\\zenithbank\\vendor\\laravel\\framework\\src\\Illuminate\\Foundation\\Bootstrap\\BootProviders.php(17): Illuminate\\Foundation\\Application->boot()
#22 C:\\Users\\ADMIN\\PhpstormProjects\\zenithbank\\vendor\\laravel\\framework\\src\\Illuminate\\Foundation\\Application.php(242): Illuminate\\Foundation\\Bootstrap\\BootProviders->bootstrap(Object(Illuminate\\Foundation\\Application))
#23 C:\\Users\\ADMIN\\PhpstormProjects\\zenithbank\\vendor\\laravel\\framework\\src\\Illuminate\\Foundation\\Console\\Kernel.php(383): Illuminate\\Foundation\\Application->bootstrapWith(Array)
#24 C:\\Users\\ADMIN\\PhpstormProjects\\zenithbank\\vendor\\laravel\\framework\\src\\Illuminate\\Foundation\\Console\\Kernel.php(153): Illuminate\\Foundation\\Console\\Kernel->bootstrap()
#25 C:\\Users\\ADMIN\\PhpstormProjects\\zenithbank\\artisan(37): Illuminate\\Foundation\\Console\\Kernel->handle(Object(Symfony\\Component\\Console\\Input\\ArgvInput), Object(Symfony\\Component\\Console\\Output\\ConsoleOutput))
#26 {main}
"} 
